Build started 1/3/2017 4:52:52 PM.
     1>Project "C:\Users\Tina\Documents\Visual Studio 2013\Projects\Qt_Barebones\Qt_Barebones\Qt_Barebones.vcxproj" on node 2 (Build target(s)).
     1>ClCompile:
         C:\Program Files (x86)\Microsoft Visual Studio 12.0\VC\bin\CL.exe /c /IC:\Qt\4.8.5\include /I"C:\Users\Tina\Documents\Visual Studio 2013\Projects\Qt_Barebones\Source\glew\include" /Zi /nologo /W3 /WX- /O2 /Oi /Oy- /GL /D WIN32 /D NDEBUG /D _CONSOLE /D _LIB /D _UNICODE /D UNICODE /Gm- /EHsc /MTd /GS /Gy /fp:precise /Zc:wchar_t /Zc:forScope /Fo"Release\\" /Fd"Release\vc120.pdb" /Gd /TP /analyze- /errorReport:prompt GLWindow.cpp
         GLWindow.cpp
       Link:
         C:\Program Files (x86)\Microsoft Visual Studio 12.0\VC\bin\link.exe /ERRORREPORT:PROMPT /OUT:"C:\Users\Tina\Documents\Visual Studio 2013\Projects\Qt_Barebones\Release\Qt_Barebones.exe" /INCREMENTAL:NO /NOLOGO /LIBPATH:C:\Qt\4.8.5\lib /LIBPATH:"C:\Users\Tina\Documents\Visual Studio 2013\Projects\Qt_Barebones\Source\glew\lib" glew32d.lib QtCored4.lib QtOpenGld4.lib QtGuid4.lib kernel32.lib user32.lib gdi32.lib winspool.lib comdlg32.lib advapi32.lib shell32.lib ole32.lib oleaut32.lib uuid.lib odbc32.lib odbccp32.lib kernel32.lib user32.lib gdi32.lib winspool.lib comdlg32.lib advapi32.lib shell32.lib ole32.lib oleaut32.lib uuid.lib odbc32.lib odbccp32.lib /MANIFEST /MANIFESTUAC:"level='asInvoker' uiAccess='false'" /manifest:embed /DEBUG /PDB:"C:\Users\Tina\Documents\Visual Studio 2013\Projects\Qt_Barebones\Release\Qt_Barebones.pdb" /SUBSYSTEM:CONSOLE /OPT:REF /OPT:ICF /LTCG /TLBID:1 /DYNAMICBASE /NXCOMPAT /IMPLIB:"C:\Users\Tina\Documents\Visual Studio 2013\Projects\Qt_Barebones\Release\Qt_Barebones.lib" /MACHINE:X86 /SAFESEH Release\GLWindow.obj
         Release\Main.obj
     1>GLWindow.obj : error LNK2001: unresolved external symbol __imp__glewInit@0
     1>C:\Users\Tina\Documents\Visual Studio 2013\Projects\Qt_Barebones\Release\Qt_Barebones.exe : fatal error LNK1120: 1 unresolved externals
     1>Done Building Project "C:\Users\Tina\Documents\Visual Studio 2013\Projects\Qt_Barebones\Qt_Barebones\Qt_Barebones.vcxproj" (Build target(s)) -- FAILED.

Build FAILED.

Time Elapsed 00:00:01.46
